[debug] [2019-12-17T07:24:18.737Z] ----------------------------------------------------------------------
[debug] [2019-12-17T07:24:18.739Z] Command:       C:\Program Files\nodejs\node.exe C:\Users\Asteris\AppData\Roaming\npm\node_modules\firebase-tools\lib\bin\firebase.js init
[debug] [2019-12-17T07:24:18.739Z] CLI Version:   7.10.0
[debug] [2019-12-17T07:24:18.740Z] Platform:      win32
[debug] [2019-12-17T07:24:18.740Z] Node Version:  v10.16.3
[debug] [2019-12-17T07:24:18.740Z] Time:          Tue Dec 17 2019 14:24:18 GMT+0700 (Indochina Time)
[debug] [2019-12-17T07:24:18.740Z] ----------------------------------------------------------------------
[debug] [2019-12-17T07:24:18.740Z] 
[debug] [2019-12-17T07:24:18.749Z] > command requires scopes: ["email","openid","https://www.googleapis.com/auth/cloudplatformprojects.readonly","https://www.googleapis.com/auth/firebase","https://www.googleapis.com/auth/cloud-platform"]
[debug] [2019-12-17T07:24:18.749Z] > authorizing via signed-in user
[info] 
     ######## #### ########  ######## ########     ###     ######  ########
     ##        ##  ##     ## ##       ##     ##  ##   ##  ##       ##
     ######    ##  ########  ######   ########  #########  ######  ######
     ##        ##  ##    ##  ##       ##     ## ##     ##       ## ##
     ##       #### ##     ## ######## ########  ##     ##  ######  ########

You're about to initialize a Firebase project in this directory:

  D:\Danar-Fold\GA-Integration

Before we get started, keep in mind:

  * You are initializing in an existing Firebase project directory

[info] 
=== Project Setup
[info] 
[info] First, let's associate this project directory with a Firebase project.
[info] You can create multiple project aliases by running firebase use --add, 
[info] but for now we'll just set up a default project.
[info] 
[info] i  .firebaserc already has a default project, using analytics-integration-7716d.
[debug] [2019-12-17T07:24:26.166Z] >>> HTTP REQUEST GET https://firebase.googleapis.com/v1beta1/projects/analytics-integration-7716d  
 
[debug] [2019-12-17T07:24:27.133Z] <<< HTTP RESPONSE 200
[info] 
=== Hosting Setup
[info] 
[info] Your public directory is the folder (relative to your project directory) that
[info] will contain Hosting assets to be uploaded with firebase deploy. If you
[info] have a build process for your assets, use your build's output directory.
[info] 
[debug] [2019-12-17T07:24:55.775Z] Error: kill ENOSYS
    at process.kill (internal/process/per_thread.js:198:13)
    at process.listener (C:\Users\Asteris\AppData\Roaming\npm\node_modules\firebase-tools\node_modules\signal-exit\index.js:95:15)
    at process.emit (events.js:198:13)
[error] 
[error] Error: An unexpected error has occurred.
